<?xml version="1.0" encoding="UTF-8"?>
<!-- Generated by org.testng.reporters.JUnitReportReporter -->
<testsuite hostname="VINAY-REDDY" failures="0" tests="2" name="PageTestPackage.LoginPageDDT" time="27.867" errors="0" timestamp="2022-11-05T01:20:51 IST" skipped="0">
  <testcase classname="PageTestPackage.LoginPageDDT" name="loginddt" time="17.699"/>
  <system-out/>
  <testcase classname="PageTestPackage.LoginPageDDT" name="loginddt" time="10.168"/>
  <system-out/>
</testsuite> <!-- PageTestPackage.LoginPageDDT -->
