<?xml version="1.0" encoding="UTF-8"?>
<!-- Generated by org.testng.reporters.JUnitReportReporter -->
<testsuite hostname="VINAY-REDDY" failures="0" tests="2" name="PageTestPackage.LandingPageTest" time="28.737" errors="0" timestamp="2022-11-05T01:20:51 IST" skipped="0">
  <testcase classname="PageTestPackage.LandingPageTest" name="TestWbl" time="14.359"/>
  <system-out/>
  <testcase classname="PageTestPackage.LandingPageTest" name="TestMailID" time="14.378"/>
  <system-out/>
</testsuite> <!-- PageTestPackage.LandingPageTest -->
