<?xml version="1.0" encoding="UTF-8"?>
<!-- Generated by org.testng.reporters.JUnitReportReporter -->
<testsuite hostname="VINAY-REDDY" failures="0" tests="3" name="PageTestPackage.HomePageTest" time="46.193" errors="0" timestamp="2022-11-05T01:20:51 IST" skipped="0">
  <testcase classname="PageTestPackage.HomePageTest" name="TestFreestudent" time="18.231"/>
  <system-out/>
  <testcase classname="PageTestPackage.HomePageTest" name="verifylogin" time="14.522"/>
  <system-out/>
  <testcase classname="PageTestPackage.HomePageTest" name="Testlogo" time="13.440"/>
  <system-out/>
</testsuite> <!-- PageTestPackage.HomePageTest -->
