<?xml version="1.0" encoding="UTF-8"?>
<!-- Generated by org.testng.reporters.JUnitReportReporter -->
<testsuite hostname="VINAY-REDDY" failures="0" tests="1" name="PageTestPackage.LoginPageTest" time="13.905" errors="0" timestamp="2022-11-05T01:20:51 IST" skipped="0">
  <testcase classname="PageTestPackage.LoginPageTest" name="Testlogin" time="13.905"/>
  <system-out/>
</testsuite> <!-- PageTestPackage.LoginPageTest -->
